2024-12-27 13:28:23,748 [INFO] Activator:176 - 


2024-12-27 13:28:23,758 [INFO] Activator:177 - !SESSION log4j initialized
2024-12-27 13:28:32,395 [INFO] LogOutputStream:77 - [STDOUT_REDIRECT] 
2024-12-27 13:28:36,380 [ERROR] LogOutputStream:75 - [STDERR_REDIRECT] 
2024-12-27 13:28:41,106 [INFO] LogOutputStream:77 - [STDOUT_REDIRECT] 
2024-12-27 13:28:43,731 [INFO] ApplicationProperties:184 - Using Application install path: /Applications/STM32CubeIDE.app/Contents/Eclipse/plugins/com.st.stm32cube.common.mx_6.11.1.202404110753
2024-12-27 13:28:43,765 [INFO] DbMcusXml:78 - Set database path to: /Applications/STM32CubeIDE.app/Contents/Eclipse/plugins/com.st.stm32cube.common.mx_6.11.1.202404110753//db//mcu/
2024-12-27 13:28:43,765 [INFO] ApiDb:274 - Set plugin database path to: /Applications/STM32CubeIDE.app/Contents/Eclipse/plugins/com.st.stm32cube.common.mx_6.11.1.202404110753//db//plugins/boardmanager/
2024-12-27 13:28:43,768 [WARN] ApiDb:259 - Overriding images path with different value:  => /Applications/STM32CubeIDE.app/Contents/Eclipse/plugins/com.st.stm32cube.common.mx_6.11.1.202404110753//db//plugins/mcufinder/images/
2024-12-27 13:28:43,785 [INFO] ApiDb:250 - Set database path to: /Users/davidprosperin/.stmcufinder/plugins/mcufinder//mcu/
2024-12-27 13:28:43,787 [INFO] DbMcusAds:125 - Set database path to: /Users/davidprosperin/.stmcufinder/plugins/mcufinder//mcu/
2024-12-27 13:28:43,790 [INFO] CrossReferenceDbSqlite:203 - Set database path to: /Users/davidprosperin/.stmcufinder/plugins/mcufinder//mcu/cs/
2024-12-27 13:28:44,045 [INFO] RulesReader:64 - Compatibility file has been processed (297 Rules)
2024-12-27 13:28:44,165 [INFO] DbMcusXml:78 - Set database path to: /Applications/STM32CubeIDE.app/Contents/Eclipse/plugins/com.st.stm32cube.common.mx_6.11.1.202404110753//db//mcu/
2024-12-27 13:28:44,166 [INFO] ApiDb:274 - Set plugin database path to: /Applications/STM32CubeIDE.app/Contents/Eclipse/plugins/com.st.stm32cube.common.mx_6.11.1.202404110753//db//plugins/boardmanager/
2024-12-27 13:28:44,166 [INFO] ApiDb:261 - Set plugin images path to: /Applications/STM32CubeIDE.app/Contents/Eclipse/plugins/com.st.stm32cube.common.mx_6.11.1.202404110753//db//plugins/mcufinder/images/
2024-12-27 13:28:44,167 [WARN] DbFile:41 - Overriding database path with different value: /Users/davidprosperin/.stmcufinder/plugins/mcufinder/ => /Users/davidprosperin/.stmcufinder/plugins/mcufinder
2024-12-27 13:28:44,167 [INFO] ApiDb:250 - Set database path to: /Users/davidprosperin/.stmcufinder/plugins/mcufinder//mcu/
2024-12-27 13:28:44,167 [WARN] DbFile:41 - Overriding database path with different value: /Users/davidprosperin/.stmcufinder/plugins/mcufinder/ => /Users/davidprosperin/.stmcufinder/plugins/mcufinder
2024-12-27 13:28:44,167 [INFO] DbMcusAds:125 - Set database path to: /Users/davidprosperin/.stmcufinder/plugins/mcufinder//mcu/
2024-12-27 13:28:44,167 [WARN] DbFile:41 - Overriding database path with different value: /Users/davidprosperin/.stmcufinder/plugins/mcufinder/ => /Users/davidprosperin/.stmcufinder/plugins/mcufinder
2024-12-27 13:28:44,168 [WARN] DbFile:41 - Overriding database path with different value: /Users/davidprosperin/.stmcufinder/plugins/mcufinder/ => /Users/davidprosperin/.stmcufinder/plugins/mcufinder
2024-12-27 13:28:44,168 [INFO] CrossReferenceDbSqlite:203 - Set database path to: /Users/davidprosperin/.stmcufinder/plugins/mcufinder//mcu/cs/
2024-12-27 13:28:44,289 [INFO] MainPanel:264 - HeapMemory: 268435456
2024-12-27 13:28:44,410 [INFO] DbMcusXml:78 - Set database path to: /Applications/STM32CubeIDE.app/Contents/Eclipse/plugins/com.st.stm32cube.common.mx_6.11.1.202404110753//db//mcu/
2024-12-27 13:28:44,411 [INFO] ApiDb:274 - Set plugin database path to: /Applications/STM32CubeIDE.app/Contents/Eclipse/plugins/com.st.stm32cube.common.mx_6.11.1.202404110753//db//plugins/boardmanager/
2024-12-27 13:28:44,411 [INFO] ApiDb:261 - Set plugin images path to: /Applications/STM32CubeIDE.app/Contents/Eclipse/plugins/com.st.stm32cube.common.mx_6.11.1.202404110753//db//plugins/mcufinder/images/
2024-12-27 13:28:44,411 [WARN] DbFile:41 - Overriding database path with different value: /Users/davidprosperin/.stmcufinder/plugins/mcufinder/ => /Users/davidprosperin/.stmcufinder/plugins/mcufinder
2024-12-27 13:28:44,412 [INFO] ApiDb:250 - Set database path to: /Users/davidprosperin/.stmcufinder/plugins/mcufinder//mcu/
2024-12-27 13:28:44,412 [WARN] DbFile:41 - Overriding database path with different value: /Users/davidprosperin/.stmcufinder/plugins/mcufinder/ => /Users/davidprosperin/.stmcufinder/plugins/mcufinder
2024-12-27 13:28:44,412 [INFO] DbMcusAds:125 - Set database path to: /Users/davidprosperin/.stmcufinder/plugins/mcufinder//mcu/
2024-12-27 13:28:44,412 [WARN] DbFile:41 - Overriding database path with different value: /Users/davidprosperin/.stmcufinder/plugins/mcufinder/ => /Users/davidprosperin/.stmcufinder/plugins/mcufinder
2024-12-27 13:28:44,412 [WARN] DbFile:41 - Overriding database path with different value: /Users/davidprosperin/.stmcufinder/plugins/mcufinder/ => /Users/davidprosperin/.stmcufinder/plugins/mcufinder
2024-12-27 13:28:44,412 [INFO] CrossReferenceDbSqlite:203 - Set database path to: /Users/davidprosperin/.stmcufinder/plugins/mcufinder//mcu/cs/
2024-12-27 13:28:44,436 [INFO] ApplicationProperties:184 - Using Application install path: /Applications/STM32CubeIDE.app/Contents/Eclipse/plugins/com.st.stm32cube.common.mx_6.11.1.202404110753
2024-12-27 13:28:44,438 [INFO] PluginManage:196 - Search for loadable plugins [exclusion list=, ]
2024-12-27 13:28:44,440 [INFO] PluginManage:310 - Check plugin analytics
2024-12-27 13:28:44,864 [INFO] AnalyticsPlugin:253 - Accepted Software Licenses: 
2024-12-27 13:28:44,865 [INFO] AnalyticsPlugin:255 - Accepted CMSIS Pack Licenses: STMicroelectronics.X-CUBE-EEPRMA1.5.1.0
2024-12-27 13:28:44,865 [INFO] AnalyticsPlugin:257 - Accepted Firmware Licenses: FW.G4.1.5.0
2024-12-27 13:28:44,874 [INFO] PluginManage:359 - Loaded plugin analytics (category:tool,tabindex:-1)
2024-12-27 13:28:44,874 [INFO] PluginManage:310 - Check plugin cadmodel
2024-12-27 13:28:45,770 [ERROR] LogOutputStream:75 - [STDERR_REDIRECT] [Fatal Error] :2:10: DOCTYPE is disallowed when the feature "http://apache.org/xml/features/disallow-doctype-decl" set to true.
2024-12-27 13:28:45,774 [ERROR] LogOutputStream:75 - [STDERR_REDIRECT] 
2024-12-27 13:28:45,799 [INFO] CADModel:105 - Init CAD model plugin
2024-12-27 13:28:45,799 [INFO] PluginManage:359 - Loaded plugin cadmodel (category:power,tabindex:5)
2024-12-27 13:28:45,801 [INFO] PluginManage:310 - Check plugin clock
2024-12-27 13:28:45,835 [INFO] PluginManage:359 - Loaded plugin clock (category:base,tabindex:2)
2024-12-27 13:28:45,837 [INFO] PluginManage:310 - Check plugin ddr
2024-12-27 13:28:45,840 [INFO] PluginManage:359 - Loaded plugin ddr (category:tool,tabindex:6)
2024-12-27 13:28:45,841 [INFO] PluginManage:310 - Check plugin filemanager
2024-12-27 13:28:46,102 [INFO] PluginManage:359 - Loaded plugin filemanager (category:base,tabindex:10)
2024-12-27 13:28:46,103 [INFO] PluginManage:310 - Check plugin ipmanager
2024-12-27 13:28:46,115 [INFO] PluginManage:359 - Loaded plugin ipmanager (category:base,tabindex:5)
2024-12-27 13:28:46,116 [INFO] PluginManage:310 - Check plugin lpbam
2024-12-27 13:28:46,128 [INFO] PluginManage:359 - Loaded plugin lpbam (category:base,tabindex:0)
2024-12-27 13:28:46,128 [INFO] PluginManage:310 - Check plugin memorymap
2024-12-27 13:28:46,141 [INFO] PluginManage:359 - Loaded plugin memorymap (category:base,tabindex:4)
2024-12-27 13:28:46,141 [INFO] PluginManage:310 - Check plugin pinoutandconfiguration
2024-12-27 13:28:46,149 [INFO] PluginManage:359 - Loaded plugin pinoutandconfiguration (category:base,tabindex:1)
2024-12-27 13:28:46,149 [INFO] PluginManage:310 - Check plugin pinoutconfig
2024-12-27 13:28:46,281 [WARN] SupportedApi:132 - Cannot load RTOS API schema: s4s-elt-must-match.1: The content of 'definitions' must match (annotation?, (simpleType | complexType)?, (unique | key | keyref)*)). A problem was found starting at: attribute.
2024-12-27 13:28:46,577 [INFO] PluginManage:359 - Loaded plugin pinoutconfig (category:base,tabindex:0)
2024-12-27 13:28:46,580 [INFO] PluginManage:310 - Check plugin power
2024-12-27 13:28:46,605 [INFO] PluginManage:359 - Loaded plugin power (category:power,tabindex:4)
2024-12-27 13:28:46,605 [INFO] PluginManage:310 - Check plugin projectmanager
2024-12-27 13:28:46,670 [INFO] PluginManage:359 - Loaded plugin projectmanager (category:projectmanager,tabindex:3)
2024-12-27 13:28:46,670 [INFO] PluginManage:310 - Check plugin thirdparty
2024-12-27 13:28:46,997 [INFO] PluginManage:359 - Loaded plugin thirdparty (category:base,tabindex:-1)
2024-12-27 13:28:46,998 [INFO] PluginManage:310 - Check plugin tools
2024-12-27 13:28:46,996 [WARN] IntegrityCheckThread:84 - waiting for thirdparty lock release [integrity check]
2024-12-27 13:28:47,003 [INFO] IntegrityCheckThread:86 - entering critical section [integrity check]
2024-12-27 13:28:47,005 [INFO] ThirdPartyUpdaterWithRetryManager:70 - Updater plugin not ready yet. [1/15]
2024-12-27 13:28:47,006 [INFO] PluginManage:359 - Loaded plugin tools (category:base,tabindex:7)
2024-12-27 13:28:47,006 [INFO] PluginManage:310 - Check plugin tutovideos
2024-12-27 13:28:47,520 [INFO] PluginManage:359 - Loaded plugin tutovideos (category:base,tabindex:-1)
2024-12-27 13:28:47,525 [INFO] PluginManage:310 - Check plugin updater
2024-12-27 13:28:47,606 [INFO] PluginManage:359 - Loaded plugin updater (category:base,tabindex:12)
2024-12-27 13:28:47,609 [INFO] PluginManage:310 - Check plugin userauth
2024-12-27 13:28:47,655 [INFO] UserAuth:114 - Init User Auth plugin
2024-12-27 13:28:47,656 [INFO] PluginManage:359 - Loaded plugin userauth (category:base,tabindex:14)
2024-12-27 13:28:47,659 [INFO] PluginManage:283 - PluginManage : Loaded plugins [17]
2024-12-27 13:28:48,693 [INFO] PinOutPanel:1561 - setPackage(No Configuration,No Configuration)
2024-12-27 13:28:49,025 [INFO] CADModel:165 - CPN selected for project level
2024-12-27 13:28:49,030 [INFO] CADModel:114 - Register for checkConnection events
2024-12-27 13:28:49,085 [INFO] IPUIPlugin:80 - create IPUIPlugin
2024-12-27 13:28:49,086 [INFO] PluginManager:220 - loadIPPluginJar : add mdma
2024-12-27 13:28:49,103 [INFO] IPUIPlugin:80 - create IPUIPlugin
2024-12-27 13:28:49,104 [INFO] PluginManager:220 - loadIPPluginJar : add freertos
2024-12-27 13:28:49,113 [INFO] IPUIPlugin:80 - create IPUIPlugin
2024-12-27 13:28:49,113 [INFO] PluginManager:220 - loadIPPluginJar : add gic
2024-12-27 13:28:49,123 [INFO] IPUIPlugin:80 - create IPUIPlugin
2024-12-27 13:28:49,123 [INFO] PluginManager:220 - loadIPPluginJar : add adc
2024-12-27 13:28:49,126 [INFO] IPUIPlugin:80 - create IPUIPlugin
2024-12-27 13:28:49,127 [INFO] PluginManager:220 - loadIPPluginJar : add gtzc
2024-12-27 13:28:49,128 [INFO] IPUIPlugin:80 - create IPUIPlugin
2024-12-27 13:28:49,129 [INFO] PluginManager:220 - loadIPPluginJar : add quadspi
2024-12-27 13:28:49,131 [INFO] IPUIPlugin:80 - create IPUIPlugin
2024-12-27 13:28:49,132 [INFO] PluginManager:220 - loadIPPluginJar : add aes
2024-12-27 13:28:49,136 [INFO] IPUIPlugin:80 - create IPUIPlugin
2024-12-27 13:28:49,136 [INFO] PluginManager:220 - loadIPPluginJar : add pdm2pcm
2024-12-27 13:28:49,139 [INFO] IPUIPlugin:80 - create IPUIPlugin
2024-12-27 13:28:49,139 [INFO] PluginManager:220 - loadIPPluginJar : add hash
2024-12-27 13:28:49,143 [INFO] IPUIPlugin:80 - create IPUIPlugin
2024-12-27 13:28:49,144 [INFO] PluginManager:220 - loadIPPluginJar : add tim
2024-12-27 13:28:49,149 [INFO] IPUIPlugin:80 - create IPUIPlugin
2024-12-27 13:28:49,149 [INFO] PluginManager:220 - loadIPPluginJar : add tsc
2024-12-27 13:28:49,154 [INFO] IPUIPlugin:80 - create IPUIPlugin
2024-12-27 13:28:49,154 [INFO] PluginManager:220 - loadIPPluginJar : add extmemmanager
2024-12-27 13:28:49,164 [INFO] IPUIPlugin:80 - create IPUIPlugin
2024-12-27 13:28:49,167 [INFO] PluginManager:220 - loadIPPluginJar : add ts
2024-12-27 13:28:49,175 [INFO] IPUIPlugin:80 - create IPUIPlugin
2024-12-27 13:28:49,175 [INFO] PluginManager:220 - loadIPPluginJar : add can
2024-12-27 13:28:49,178 [INFO] IPUIPlugin:80 - create IPUIPlugin
2024-12-27 13:28:49,179 [INFO] PluginManager:220 - loadIPPluginJar : add dma3
2024-12-27 13:28:49,184 [INFO] IPUIPlugin:80 - create IPUIPlugin
2024-12-27 13:28:49,184 [INFO] PluginManager:220 - loadIPPluginJar : add dfsdm
2024-12-27 13:28:49,188 [INFO] IPUIPlugin:80 - create IPUIPlugin
2024-12-27 13:28:49,189 [INFO] PluginManager:220 - loadIPPluginJar : add spi
2024-12-27 13:28:49,193 [INFO] IPUIPlugin:80 - create IPUIPlugin
2024-12-27 13:28:49,193 [INFO] PluginManager:220 - loadIPPluginJar : add gfxmmu
2024-12-27 13:28:49,195 [INFO] IPUIPlugin:80 - create IPUIPlugin
2024-12-27 13:28:49,195 [INFO] PluginManager:220 - loadIPPluginJar : add genericplugin
2024-12-27 13:28:49,204 [INFO] IPUIPlugin:80 - create IPUIPlugin
2024-12-27 13:28:49,205 [INFO] PluginManager:220 - loadIPPluginJar : add cryp
2024-12-27 13:28:49,213 [INFO] IPUIPlugin:80 - create IPUIPlugin
2024-12-27 13:28:49,213 [INFO] PluginManager:220 - loadIPPluginJar : add gpio
2024-12-27 13:28:49,215 [INFO] IPUIPlugin:80 - create IPUIPlugin
2024-12-27 13:28:49,216 [INFO] PluginManager:220 - loadIPPluginJar : add comp
2024-12-27 13:28:49,218 [INFO] IPUIPlugin:80 - create IPUIPlugin
2024-12-27 13:28:49,220 [INFO] PluginManager:220 - loadIPPluginJar : add tracer_emb
2024-12-27 13:28:49,224 [INFO] IPUIPlugin:80 - create IPUIPlugin
2024-12-27 13:28:49,226 [INFO] PluginManager:220 - loadIPPluginJar : add openamp
2024-12-27 13:28:49,235 [INFO] IPUIPlugin:80 - create IPUIPlugin
2024-12-27 13:28:49,236 [INFO] PluginManager:220 - loadIPPluginJar : add stm32_wpan
2024-12-27 13:28:49,247 [INFO] IPUIPlugin:80 - create IPUIPlugin
2024-12-27 13:28:49,265 [INFO] PluginManager:220 - loadIPPluginJar : add plateformsettings
2024-12-27 13:28:49,269 [INFO] IPUIPlugin:80 - create IPUIPlugin
2024-12-27 13:28:49,269 [INFO] PluginManager:220 - loadIPPluginJar : add ipddr
2024-12-27 13:28:49,273 [INFO] IPUIPlugin:80 - create IPUIPlugin
2024-12-27 13:28:49,274 [INFO] PluginManager:220 - loadIPPluginJar : add usart
2024-12-27 13:28:49,276 [INFO] IPUIPlugin:80 - create IPUIPlugin
2024-12-27 13:28:49,277 [INFO] PluginManager:220 - loadIPPluginJar : add ltdc
2024-12-27 13:28:49,287 [INFO] IPUIPlugin:80 - create IPUIPlugin
2024-12-27 13:28:49,288 [INFO] PluginManager:220 - loadIPPluginJar : add nvic
2024-12-27 13:28:49,290 [INFO] IPUIPlugin:80 - create IPUIPlugin
2024-12-27 13:28:49,290 [INFO] PluginManager:220 - loadIPPluginJar : add fatfs
2024-12-27 13:28:49,296 [INFO] IPUIPlugin:80 - create IPUIPlugin
2024-12-27 13:28:49,297 [INFO] PluginManager:220 - loadIPPluginJar : add linkedlist
2024-12-27 13:28:49,308 [INFO] IPUIPlugin:80 - create IPUIPlugin
2024-12-27 13:28:49,309 [INFO] PluginManager:220 - loadIPPluginJar : add dma
2024-12-27 13:28:49,315 [INFO] IPUIPlugin:80 - create IPUIPlugin
2024-12-27 13:28:49,316 [INFO] PluginManager:220 - loadIPPluginJar : add fmc
2024-12-27 13:28:49,319 [INFO] IPUIPlugin:80 - create IPUIPlugin
2024-12-27 13:28:49,319 [INFO] PluginManager:220 - loadIPPluginJar : add i2s
2024-12-27 13:28:49,320 [INFO] IPUIPlugin:80 - create IPUIPlugin
2024-12-27 13:28:49,321 [INFO] PluginManager:220 - loadIPPluginJar : add ucpd
2024-12-27 13:28:49,322 [INFO] IPUIPlugin:80 - create IPUIPlugin
2024-12-27 13:28:49,323 [INFO] PluginManager:220 - loadIPPluginJar : add lorawan
2024-12-27 13:28:49,325 [INFO] IPUIPlugin:80 - create IPUIPlugin
2024-12-27 13:28:49,326 [INFO] PluginManager:220 - loadIPPluginJar : add opamp
2024-12-27 13:28:49,329 [INFO] IPUIPlugin:80 - create IPUIPlugin
2024-12-27 13:28:49,329 [INFO] PluginManager:220 - loadIPPluginJar : add i3c
2024-12-27 13:28:49,333 [INFO] IPUIPlugin:80 - create IPUIPlugin
2024-12-27 13:28:49,338 [INFO] PluginManager:220 - loadIPPluginJar : add touchsensing
2024-12-27 13:28:49,346 [INFO] IPUIPlugin:80 - create IPUIPlugin
2024-12-27 13:28:49,346 [INFO] PluginManager:220 - loadIPPluginJar : add i2c
2024-12-27 13:28:49,349 [INFO] IPUIPlugin:80 - create IPUIPlugin
2024-12-27 13:28:49,350 [INFO] PluginManager:220 - loadIPPluginJar : add resmgrutility
2024-12-27 13:28:49,352 [INFO] IPUIPlugin:80 - create IPUIPlugin
2024-12-27 13:28:49,352 [INFO] PluginManager:220 - loadIPPluginJar : add sai
2024-12-27 13:28:49,355 [INFO] IPUIPlugin:80 - create IPUIPlugin
2024-12-27 13:28:49,355 [INFO] PluginManager:220 - loadIPPluginJar : add usbx
2024-12-27 13:28:49,501 [INFO] CADModel:165 - CPN selected for project level
2024-12-27 13:28:49,501 [INFO] CADModel:114 - Register for checkConnection events
2024-12-27 13:28:49,502 [FATAL] Updater:308 - Updater called before beeing initialized
2024-12-27 13:28:49,502 [ERROR] CADModel:125 - Updater not yet initialized, retry later 
2024-12-27 13:28:49,846 [INFO] CADModel:165 - CPN selected for project level
2024-12-27 13:28:49,846 [INFO] CADModel:114 - Register for checkConnection events
2024-12-27 13:28:49,847 [FATAL] Updater:308 - Updater called before beeing initialized
2024-12-27 13:28:49,847 [ERROR] CADModel:125 - Updater not yet initialized, retry later 
2024-12-27 13:28:49,851 [FATAL] Updater:308 - Updater called before beeing initialized
2024-12-27 13:28:50,019 [INFO] ThirdPartyUpdaterWithRetryManager:70 - Updater plugin not ready yet. [2/15]
2024-12-27 13:28:50,217 [FATAL] Updater:308 - Updater called before beeing initialized
2024-12-27 13:28:50,227 [INFO] DbMcusAds:53 - JSON generation date=Fri Sep 20 15:04:23 CEST 2024 (1726837463113)
2024-12-27 13:28:50,228 [FATAL] Updater:308 - Updater called before beeing initialized
2024-12-27 13:28:51,382 [WARN] DetailPanel:346 - Failed to get advertising image, set to default
2024-12-27 13:28:51,497 [FATAL] Updater:308 - Updater called before beeing initialized
2024-12-27 13:28:51,500 [FATAL] Updater:308 - Updater called before beeing initialized
2024-12-27 13:28:51,500 [FATAL] Updater:308 - Updater called before beeing initialized
2024-12-27 13:28:51,500 [WARN] DetailPanel:346 - Failed to get advertising image, set to default
2024-12-27 13:28:51,501 [FATAL] Updater:308 - Updater called before beeing initialized
2024-12-27 13:28:51,612 [ERROR] Updater:1120 - MainUpdater not yet initialized. External WinMGr cannot be set.
2024-12-27 13:28:51,621 [INFO] Updater:1056 - Updater Version found : 6.11.1
2024-12-27 13:28:51,642 [INFO] ApplicationProperties:184 - Using Application install path: /Applications/STM32CubeIDE.app/Contents/Eclipse/plugins/com.st.stm32cube.common.mx_6.11.1.202404110753
2024-12-27 13:28:52,179 [INFO] MainUpdater:2873 - connection check result : 10
2024-12-27 13:28:52,179 [INFO] MainUpdater:3567 - Updater definition file requires update
2024-12-27 13:28:52,180 [INFO] MainUpdater:290 - Updater Check For Update Now.
2024-12-27 13:28:52,180 [INFO] MicroXplorer:498 - Change Database Version : DB.6.0.111
2024-12-27 13:28:52,192 [INFO] McuFinderGlobals:63 - Set McuFinder mode to 2 (CubeIDE integrated)
2024-12-27 13:28:52,210 [INFO] UserAuth:415 - Internet connection configuration mode: 1
2024-12-27 13:28:52,225 [INFO] JxBrowserEngine:152 - Initiate JxBrowser Engine with user profile folder
2024-12-27 13:28:52,257 [INFO] ServerAccessManage:473 - Download File updaters.zip
2024-12-27 13:28:52,428 [INFO] FileExtend:240 - Unzip File : updaters.zip
2024-12-27 13:28:52,428 [INFO] FileExtend:255 - Standard Zip Deflate
2024-12-27 13:28:52,878 [INFO] ServerAccessManage:473 - Download File PacksControlFlags.xml
2024-12-27 13:28:53,035 [WARN] MainUpdater:1194 - Updater busy. Cannot search thirdparties
2024-12-27 13:28:53,036 [INFO] ThirdPartyUpdaterWithRetryManager:96 - Updater plugin is busy. [1/15]
2024-12-27 13:28:53,088 [INFO] ServerAccessManage:473 - Download File cubemx.pidx
2024-12-27 13:28:53,326 [INFO] LoadServerUpdatesThread:375 - End of LoadServerUpdate Thread
2024-12-27 13:28:53,728 [INFO] CheckServerUpdateThread:120 - End of CheckServer Thread
2024-12-27 13:28:56,372 [WARN] PackLoader:240 - Cannot read IP mode file for STMicroelectronics.FP-SNS-MOTENVWB1.1.4.0
2024-12-27 13:28:56,407 [WARN] PackLoader:240 - Cannot read IP mode file for STMicroelectronics.FP-ATR-ASTRA1.2.0.1
2024-12-27 13:28:56,434 [WARN] PackLoader:240 - Cannot read IP mode file for STMicroelectronics.X-CUBE-SMBUS.2.1.0
2024-12-27 13:28:56,454 [WARN] PackLoader:240 - Cannot read IP mode file for STMicroelectronics.X-CUBE-WB05N.1.1.0
2024-12-27 13:28:56,549 [WARN] PackLoader:240 - Cannot read IP mode file for STMicroelectronics.X-CUBE-AZRTOS-F7.1.1.0
2024-12-27 13:28:56,934 [WARN] PackLoader:240 - Cannot read IP mode file for STMicroelectronics.X-CUBE-MEMS1.11.0.0
2024-12-27 13:28:57,319 [WARN] PackLoader:240 - Cannot read IP mode file for STMicroelectronics.FP-SNS-FLIGHT1.5.0.2
2024-12-27 13:28:57,352 [WARN] PackLoader:240 - Cannot read IP mode file for STMicroelectronics.X-CUBE-DISPLAY.3.0.0
2024-12-27 13:28:57,444 [WARN] PackLoader:240 - Cannot read IP mode file for STMicroelectronics.X-CUBE-BLE1.7.0.0
2024-12-27 13:28:57,557 [WARN] PackLoader:240 - Cannot read IP mode file for STMicroelectronics.X-CUBE-NFC10.1.0.0
2024-12-27 13:28:57,652 [WARN] PackLoader:240 - Cannot read IP mode file for STMicroelectronics.X-CUBE-BLEMGR.4.0.0
2024-12-27 13:28:57,705 [WARN] PackLoader:240 - Cannot read IP mode file for emotas.I-CUBE-CANOPEN.1.3.0
2024-12-27 13:28:57,749 [WARN] PackLoader:240 - Cannot read IP mode file for STMicroelectronics.X-CUBE-BLEMGR.3.1.0
2024-12-27 13:28:57,815 [WARN] PackLoader:240 - Cannot read IP mode file for STMicroelectronics.FP-SNS-SMARTAG2.1.2.0
2024-12-27 13:28:58,095 [WARN] PackLoader:240 - Cannot read IP mode file for STMicroelectronics.X-CUBE-MEMS1.11.1.0
2024-12-27 13:28:58,495 [INFO] LogOutputStream:77 - [STDOUT_REDIRECT] 1 : Invalid condition id : UX_CORESTACK_Condition cause : null
2024-12-27 13:28:58,498 [INFO] LogOutputStream:77 - [STDOUT_REDIRECT] 1 : Invalid condition id : UX_CORESTACK_Condition cause : null
2024-12-27 13:28:58,498 [INFO] LogOutputStream:77 - [STDOUT_REDIRECT] 1 : Invalid condition id : UX_CORESTACK_Condition cause : null
2024-12-27 13:28:58,499 [INFO] LogOutputStream:77 - [STDOUT_REDIRECT] 1 : Invalid condition id : UX_CORESTACK_Condition cause : null
2024-12-27 13:28:58,500 [INFO] LogOutputStream:77 - [STDOUT_REDIRECT] 1 : Invalid condition id : UX_CORESTACK_Condition cause : null
2024-12-27 13:28:58,512 [WARN] PackLoader:240 - Cannot read IP mode file for STMicroelectronics.X-CUBE-AZRTOS-WL.2.0.0
2024-12-27 13:28:58,527 [WARN] PackLoader:240 - Cannot read IP mode file for STMicroelectronics.FP-SNS-MOTENV1.5.0.0
2024-12-27 13:28:58,536 [WARN] PackLoader:240 - Cannot read IP mode file for wolfSSL.I-CUBE-wolfMQTT.1.19.0
2024-12-27 13:28:58,569 [WARN] PackLoader:240 - Cannot read IP mode file for WES.I-CUBE-Cesium.1.3.0
2024-12-27 13:28:58,592 [WARN] PackLoader:240 - Cannot read IP mode file for STMicroelectronics.X-CUBE-BLE2.3.3.0
2024-12-27 13:28:58,613 [WARN] PackLoader:240 - Cannot read IP mode file for STMicroelectronics.X-CUBE-NFC9.1.0.0
2024-12-27 13:28:58,628 [WARN] PackLoader:240 - Cannot read IP mode file for STMicroelectronics.X-CUBE-TCPP.4.1.0
2024-12-27 13:28:58,665 [WARN] PackLoader:240 - Cannot read IP mode file for STMicroelectronics.X-CUBE-AZRTOS-G0.1.1.0
2024-12-27 13:28:58,681 [WARN] PackLoader:240 - Cannot read IP mode file for STMicroelectronics.X-CUBE-SAFEA1.1.2.2
2024-12-27 13:28:58,692 [WARN] PackLoader:240 - Cannot read IP mode file for STMicroelectronics.X-CUBE-NFC4.3.0.0
2024-12-27 13:28:58,718 [WARN] PackLoader:240 - Cannot read IP mode file for EmbeddedOffice.I-CUBE-FS-RTOS.1.0.1
2024-12-27 13:28:58,725 [ERROR] ConditionMgr:805 - Attr not supported : Dmpu
2024-12-27 13:28:58,727 [ERROR] ConditionMgr:805 - Attr not supported : Dmpu
2024-12-27 13:28:58,727 [ERROR] ConditionMgr:805 - Attr not supported : Dmpu
2024-12-27 13:28:58,727 [ERROR] ConditionMgr:805 - Attr not supported : Dmpu
2024-12-27 13:28:58,727 [ERROR] ConditionMgr:805 - Attr not supported : Dmpu
2024-12-27 13:28:58,728 [ERROR] ConditionMgr:805 - Attr not supported : Dmpu
2024-12-27 13:28:58,728 [ERROR] ConditionMgr:805 - Attr not supported : Dmpu
2024-12-27 13:28:58,728 [ERROR] ConditionMgr:805 - Attr not supported : Dmpu
2024-12-27 13:28:58,728 [ERROR] ConditionMgr:805 - Attr not supported : Dmpu
2024-12-27 13:28:58,728 [ERROR] ConditionMgr:805 - Attr not supported : Dmpu
2024-12-27 13:28:58,728 [ERROR] ConditionMgr:805 - Attr not supported : Dmpu
2024-12-27 13:28:58,728 [ERROR] ConditionMgr:805 - Attr not supported : Dmpu
2024-12-27 13:28:58,729 [ERROR] ConditionMgr:805 - Attr not supported : Dmpu
2024-12-27 13:28:58,729 [ERROR] ConditionMgr:805 - Attr not supported : Dmpu
2024-12-27 13:28:58,729 [ERROR] ConditionMgr:805 - Attr not supported : Dmpu
2024-12-27 13:28:58,729 [ERROR] ConditionMgr:805 - Attr not supported : Dmpu
2024-12-27 13:28:58,729 [ERROR] ConditionMgr:805 - Attr not supported : Dmpu
2024-12-27 13:28:58,730 [ERROR] ConditionMgr:805 - Attr not supported : Dmpu
2024-12-27 13:28:58,730 [ERROR] ConditionMgr:805 - Attr not supported : Dmpu
2024-12-27 13:28:58,730 [ERROR] ConditionMgr:805 - Attr not supported : Dmpu
2024-12-27 13:28:58,730 [ERROR] ConditionMgr:805 - Attr not supported : Dmpu
2024-12-27 13:28:58,730 [ERROR] ConditionMgr:805 - Attr not supported : Dmpu
2024-12-27 13:28:58,730 [ERROR] ConditionMgr:805 - Attr not supported : Dmpu
2024-12-27 13:28:58,730 [ERROR] ConditionMgr:805 - Attr not supported : Dmpu
2024-12-27 13:28:58,730 [ERROR] ConditionMgr:805 - Attr not supported : Dmpu
2024-12-27 13:28:58,730 [ERROR] ConditionMgr:805 - Attr not supported : Dmpu
2024-12-27 13:28:58,731 [ERROR] ConditionMgr:805 - Attr not supported : Dmpu
2024-12-27 13:28:58,731 [ERROR] ConditionMgr:805 - Attr not supported : Dmpu
2024-12-27 13:28:58,731 [ERROR] ConditionMgr:805 - Attr not supported : Dmpu
2024-12-27 13:28:58,731 [ERROR] ConditionMgr:805 - Attr not supported : Dmpu
2024-12-27 13:28:58,731 [ERROR] ConditionMgr:805 - Attr not supported : Dmpu
2024-12-27 13:28:58,731 [ERROR] ConditionMgr:805 - Attr not supported : Dmpu
2024-12-27 13:28:58,731 [ERROR] ConditionMgr:805 - Attr not supported : Dmpu
2024-12-27 13:28:58,731 [ERROR] ConditionMgr:805 - Attr not supported : Dmpu
2024-12-27 13:28:58,731 [ERROR] ConditionMgr:805 - Attr not supported : Dmpu
2024-12-27 13:28:58,731 [ERROR] ConditionMgr:805 - Attr not supported : Dmpu
2024-12-27 13:28:58,733 [ERROR] ConditionMgr:805 - Attr not supported : Dmpu
2024-12-27 13:28:58,735 [ERROR] ConditionMgr:805 - Attr not supported : Dmpu
2024-12-27 13:28:58,737 [ERROR] ConditionMgr:805 - Attr not supported : Dmpu
2024-12-27 13:28:58,737 [ERROR] ConditionMgr:805 - Attr not supported : Dmpu
2024-12-27 13:28:58,737 [ERROR] ConditionMgr:805 - Attr not supported : Dmpu
2024-12-27 13:28:58,738 [ERROR] ConditionMgr:805 - Attr not supported : Dmpu
2024-12-27 13:28:58,738 [ERROR] ConditionMgr:805 - Attr not supported : Dmpu
2024-12-27 13:28:58,738 [ERROR] ConditionMgr:805 - Attr not supported : Dmpu
2024-12-27 13:28:58,738 [ERROR] ConditionMgr:805 - Attr not supported : Dmpu
2024-12-27 13:28:58,738 [ERROR] ConditionMgr:805 - Attr not supported : Dmpu
2024-12-27 13:28:58,738 [ERROR] ConditionMgr:805 - Attr not supported : Dmpu
2024-12-27 13:28:58,738 [ERROR] ConditionMgr:805 - Attr not supported : Dmpu
2024-12-27 13:28:58,738 [ERROR] ConditionMgr:805 - Attr not supported : Dmpu
2024-12-27 13:28:58,738 [ERROR] ConditionMgr:805 - Attr not supported : Dmpu
2024-12-27 13:28:58,738 [ERROR] ConditionMgr:805 - Attr not supported : Dmpu
2024-12-27 13:28:58,738 [ERROR] ConditionMgr:805 - Attr not supported : Dmpu
2024-12-27 13:28:58,739 [ERROR] ConditionMgr:805 - Attr not supported : Dmpu
2024-12-27 13:28:58,739 [ERROR] ConditionMgr:805 - Attr not supported : Dmpu
2024-12-27 13:28:58,739 [ERROR] ConditionMgr:805 - Attr not supported : Dmpu
2024-12-27 13:28:58,739 [ERROR] ConditionMgr:805 - Attr not supported : Dmpu
2024-12-27 13:28:58,739 [ERROR] ConditionMgr:805 - Attr not supported : Dmpu
2024-12-27 13:28:58,739 [ERROR] ConditionMgr:805 - Attr not supported : Dmpu
2024-12-27 13:28:58,739 [ERROR] ConditionMgr:805 - Attr not supported : Dmpu
2024-12-27 13:28:58,739 [ERROR] ConditionMgr:805 - Attr not supported : Dmpu
2024-12-27 13:28:58,739 [ERROR] ConditionMgr:805 - Attr not supported : Dmpu
2024-12-27 13:28:58,739 [ERROR] ConditionMgr:805 - Attr not supported : Dmpu
2024-12-27 13:28:58,739 [ERROR] ConditionMgr:805 - Attr not supported : Dmpu
2024-12-27 13:28:58,739 [ERROR] ConditionMgr:805 - Attr not supported : Dmpu
2024-12-27 13:28:58,746 [ERROR] Engine:466 - /Users/davidprosperin/.stm32cubemx/thirdparties/pdsc/STMicroelectronics.X-CUBE-TCPP.4.2.0.pdsc: PDSC version is not supported
2024-12-27 13:28:58,752 [WARN] PackLoader:240 - Cannot read IP mode file for RealThread.X-CUBE-RT-Thread_Nano.4.1.1
2024-12-27 13:28:58,765 [WARN] PackLoader:240 - Cannot read IP mode file for STMicroelectronics.FP-ATR-SIGFOX1.3.2.0
2024-12-27 13:28:58,782 [WARN] PackLoader:240 - Cannot read IP mode file for wolfSSL.I-CUBE-wolfSSL.5.7.2
2024-12-27 13:28:58,788 [WARN] ConditionMgr:438 - getConditionDescription Invalid condition id : Cortex-A Device cause : null
2024-12-27 13:28:58,835 [WARN] ConditionMgr:1039 - genDependencies : Invalid condition id : Cortex-A Device cause : null
2024-12-27 13:28:58,835 [WARN] ConditionMgr:1039 - genDependencies : Invalid condition id : Cortex-A Device cause : null
2024-12-27 13:28:58,836 [WARN] ConditionMgr:1039 - genDependencies : Invalid condition id : Cortex-A Device cause : null
2024-12-27 13:28:58,847 [WARN] PackLoader:240 - Cannot read IP mode file for STMicroelectronics.X-CUBE-EEPRMA1.5.1.0
2024-12-27 13:28:59,155 [WARN] PackLoader:240 - Cannot read IP mode file for ITTIA_DB.I-CUBE-ITTIADB.8.9.0
2024-12-27 13:28:59,239 [WARN] PackLoader:240 - Cannot read IP mode file for SEGGER.I-CUBE-embOS.1.3.1
2024-12-27 13:28:59,319 [WARN] PackLoader:240 - Cannot read IP mode file for STMicroelectronics.X-CUBE-ALGOBUILD.1.4.0
2024-12-27 13:28:59,329 [WARN] PackLoader:240 - Cannot read IP mode file for STMicroelectronics.X-CUBE-AI.9.1.0
2024-12-27 13:28:59,365 [WARN] PackLoader:240 - Cannot read IP mode file for STMicroelectronics.X-CUBE-AZRTOS-F4.1.1.0
2024-12-27 13:28:59,380 [WARN] PackLoader:240 - Cannot read IP mode file for STMicroelectronics.X-CUBE-ISPU.2.1.0
2024-12-27 13:28:59,390 [WARN] PackLoader:240 - Cannot read IP mode file for STMicroelectronics.X-CUBE-FREERTOS.1.2.0
2024-12-27 13:28:59,430 [WARN] PackLoader:240 - Cannot read IP mode file for STMicroelectronics.X-CUBE-AZRTOS-L5.2.0.0
2024-12-27 13:28:59,460 [WARN] PackLoader:240 - Cannot read IP mode file for STMicroelectronics.X-CUBE-NFC6.3.1.0
2024-12-27 13:28:59,476 [WARN] PackLoader:240 - Cannot read IP mode file for STMicroelectronics.X-CUBE-DPower.1.2.0
2024-12-27 13:28:59,488 [WARN] PackLoader:240 - Cannot read IP mode file for STMicroelectronics.X-CUBE-AI.9.0.0
2024-12-27 13:28:59,497 [WARN] PackLoader:240 - Cannot read IP mode file for STMicroelectronics.X-CUBE-FREERTOS.1.3.0
2024-12-27 13:28:59,510 [WARN] PackLoader:240 - Cannot read IP mode file for STMicroelectronics.X-CUBE-NFC7.1.0.1
2024-12-27 13:28:59,553 [WARN] ConditionMgr:438 - getConditionDescription Invalid condition id : LAN8742 Phy interface Condition cause : null
2024-12-27 13:28:59,555 [WARN] PackLoader:240 - Cannot read IP mode file for STMicroelectronics.X-CUBE-AZRTOS-L4.2.0.0
2024-12-27 13:28:59,559 [WARN] ConditionMgr:1039 - genDependencies : Invalid condition id : LAN8742 Phy interface Condition cause : null
2024-12-27 13:28:59,559 [WARN] ConditionMgr:1039 - genDependencies : Invalid condition id : LAN8742 Phy interface Condition cause : null
2024-12-27 13:28:59,561 [WARN] ConditionMgr:1039 - genDependencies : Invalid condition id : LAN8742 Phy interface Condition cause : null
2024-12-27 13:28:59,576 [WARN] PackLoader:240 - Cannot read IP mode file for STMicroelectronics.X-CUBE-SFXS2LP1.4.0.0
2024-12-27 13:28:59,645 [WARN] PackLoader:240 - Cannot read IP mode file for STMicroelectronics.X-CUBE-AZRTOS-H7.3.3.0
2024-12-27 13:28:59,690 [WARN] PackLoader:240 - Cannot read IP mode file for STMicroelectronics.X-CUBE-IPS.3.0.0
2024-12-27 13:28:59,823 [WARN] ConditionMgr:438 - getConditionDescription Invalid condition id : UX DEVICE CLASS RTOS Condition cause : null
2024-12-27 13:28:59,829 [WARN] ConditionMgr:438 - getConditionDescription Invalid condition id : UX DEVICE CLASS RTOS Condition cause : null
2024-12-27 13:28:59,838 [WARN] PackLoader:240 - Cannot read IP mode file for STMicroelectronics.X-CUBE-AZRTOS-WB.2.0.0
2024-12-27 13:28:59,845 [WARN] ConditionMgr:1039 - genDependencies : Invalid condition id : UX DEVICE CLASS RTOS Condition cause : null
2024-12-27 13:28:59,845 [WARN] ConditionMgr:1039 - genDependencies : Invalid condition id : UX DEVICE CLASS RTOS Condition cause : null
2024-12-27 13:28:59,847 [WARN] ConditionMgr:1039 - genDependencies : Invalid condition id : UX DEVICE CLASS RTOS Condition cause : null
2024-12-27 13:28:59,848 [WARN] ConditionMgr:1039 - genDependencies : Invalid condition id : UX DEVICE CLASS RTOS Condition cause : null
2024-12-27 13:28:59,848 [WARN] ConditionMgr:1039 - genDependencies : Invalid condition id : UX DEVICE CLASS RTOS Condition cause : null
2024-12-27 13:29:00,064 [WARN] PackLoader:240 - Cannot read IP mode file for STMicroelectronics.X-CUBE-GNSS1.7.0.0
2024-12-27 13:29:00,080 [WARN] PackLoader:240 - Cannot read IP mode file for STMicroelectronics.X-CUBE-GNSS1.7.0.1
2024-12-27 13:29:00,096 [WARN] PackLoader:240 - Cannot read IP mode file for STMicroelectronics.FP-SNS-STBOX1.2.0.0
2024-12-27 13:29:00,139 [WARN] PackLoader:240 - Cannot read IP mode file for STMicroelectronics.X-CUBE-SUBG2.5.0.0
2024-12-27 13:29:00,216 [WARN] PackLoader:240 - Cannot read IP mode file for Cesanta.I-CUBE-Mongoose.7.13.0
2024-12-27 13:29:00,280 [WARN] PackLoader:240 - Cannot read IP mode file for STMicroelectronics.X-CUBE-AZRTOS-G4.2.0.0
2024-12-27 13:29:00,371 [WARN] PackLoader:240 - Cannot read IP mode file for STMicroelectronics.X-CUBE-ISPU.2.0.0
2024-12-27 13:29:00,383 [WARN] PackLoader:240 - Cannot read IP mode file for STMicroelectronics.X-CUBE-ALS.1.0.2
2024-12-27 13:29:00,399 [WARN] PackLoader:240 - Cannot read IP mode file for STMicroelectronics.X-CUBE-TOUCHGFX.4.24.0
2024-12-27 13:29:00,402 [WARN] PackLoader:240 - Cannot read IP mode file for STMicroelectronics.X-CUBE-TOUCHGFX.4.24.1
2024-12-27 13:29:00,410 [WARN] PackLoader:240 - Cannot read IP mode file for wolfSSL.I-CUBE-wolfTPM.3.4.0
2024-12-27 13:29:00,420 [WARN] PackLoader:240 - Cannot read IP mode file for portGmbH.I-Cube-SoM-uGOAL.1.1.0
2024-12-27 13:29:00,460 [WARN] PackLoader:240 - Cannot read IP mode file for STMicroelectronics.X-CUBE-AZRTOS-H7RS.1.0.0
2024-12-27 13:29:00,471 [WARN] PackLoader:240 - Cannot read IP mode file for STMicroelectronics.FP-ATR-ASTRA1.2.0.0
2024-12-27 13:29:00,493 [WARN] PackLoader:240 - Cannot read IP mode file for STMicroelectronics.X-CUBE-TOF1.3.4.2
2024-12-27 13:29:00,556 [WARN] PackLoader:240 - Cannot read IP mode file for Infineon.AIROC-Wi-Fi-Bluetooth-STM32.1.6.1
2024-12-27 13:29:00,574 [WARN] PackLoader:240 - Cannot read IP mode file for wolfSSL.I-CUBE-wolfSSH.1.4.17
2024-12-27 13:29:00,588 [INFO] ThirdParty:978 - Integrity check success = true
2024-12-27 13:29:00,589 [INFO] IntegrityCheckThread:100 - exiting critical section [integrity check]
2024-12-27 13:29:00,589 [INFO] IntegrityCheckThread:103 - End integrity checks thread
2024-12-27 13:29:09,228 [INFO] WebApp:161 - Instantiating new browser for Auth
2024-12-27 13:29:13,604 [INFO] WebApp:779 - Register for checkConnection events
2024-12-27 13:29:13,607 [INFO] WebApp:414 - Apply proxy settings
2024-12-27 13:29:13,647 [INFO] WebApp:459 - Chromium authenticates against Manually configured proxy
2024-12-27 13:29:13,693 [INFO] WebApp:467 - Username used for proxy authentication: 
2024-12-27 13:29:14,119 [INFO] WebApp:192 - Starting web application
2024-12-27 13:29:14,121 [INFO] WebApp:544 - Web application path used /Applications/STM32CubeIDE.app/Contents/Eclipse/plugins/com.st.stm32cube.common.mx_6.11.1.202404110753/db/plugins/mcufinder/reactClient1/index.html
